2024/11/15 18:54:46 初始化数据库成功
2024/11/15 18:54:46 初始化 OSS 成功
2024/11/15 18:54:46 路由注册成功
2024/11/15 18:54:50 jwt里解析出来的用户id为3
2024/11/15 18:54:50 err:Error 1062 (23000): Duplicate entry 'sss3344433' for key 'model_no_unique'
2024/11/15 18:55:06 jwt里解析出来的用户id为3
2024/11/15 18:57:17 初始化数据库成功
2024/11/15 18:57:17 初始化 OSS 成功
2024/11/15 18:57:17 路由注册成功
2024/11/15 18:57:21 jwt里解析出来的用户id为3
2024/11/15 18:57:34 jwt里解析出来的用户id为3
2024/11/15 18:58:36 初始化数据库成功
2024/11/15 18:58:36 初始化 OSS 成功
2024/11/15 18:58:36 路由注册成功
2024/11/15 18:58:42 jwt里解析出来的用户id为3
2024/11/15 18:58:42 err:Error 1062 (23000): Duplicate entry 'sss3333333' for key 'model_no_unique'
2024/11/15 18:58:48 jwt里解析出来的用户id为3
2024/11/15 18:59:11 初始化数据库成功
2024/11/15 18:59:11 初始化 OSS 成功
2024/11/15 18:59:11 路由注册成功
2024/11/15 18:59:17 jwt里解析出来的用户id为3
2024/11/15 18:59:54 初始化数据库成功
2024/11/15 18:59:54 初始化 OSS 成功
2024/11/15 18:59:54 路由注册成功
2024/11/15 18:59:59 jwt里解析出来的用户id为3
2024/11/15 19:01:23 初始化数据库成功
2024/11/15 19:01:23 初始化 OSS 成功
2024/11/15 19:01:23 路由注册成功
2024/11/15 19:01:26 jwt里解析出来的用户id为3
2024/11/15 19:01:26 err:Error 1062 (23000): Duplicate entry 'ss36333' for key 'model_no_unique'
2024/11/15 19:01:29 jwt里解析出来的用户id为3
2024/11/15 19:01:29 imageURLs: [https://jx-ebook.oss-cn-hongkong.aliyuncs.com/images/1731667273912985949_1_55010474.jpg]
2024/11/15 19:04:48 初始化数据库成功
2024/11/15 19:04:48 初始化 OSS 成功
2024/11/15 19:04:48 路由注册成功
2024/11/15 19:04:55 jwt里解析出来的用户id为3
2024/11/15 19:04:55 imageURLs: [https://jx-ebook.oss-cn-hongkong.aliyuncs.com/images/1731667273912985949_1_55010474.jpg]
2024/11/15 19:04:55 开始构建响应
2024/11/15 19:04:55 设置基本字段完成
2024/11/15 19:04:55 设置 Series 字段完成
2024/11/15 19:04:55 设置 Category 字段完成
2024/11/15 19:04:55 设置 Brand 字段完成
2024/11/15 19:04:55 设置 FrameMaterial 字段完成
2024/11/15 19:04:55 响应对象构建完成: {ID:82 ModelNo:ss363233366233 ItemCode:{NullString:{String: Valid:true}} Title: Gender:{NullString:{String:female Valid:true}} LensWidth:50 NoseBridge:15 TempleLength:138 SeriesID:{NullInt64:{Int64:0 Valid:false}} SkuCount:0 SeriesName: CategoryID:1 CategoryName:Optical BrandID:{NullInt64:{Int64:3 Valid:true}} BrandName:brand 3 FrameMaterialID:5 FrameMaterialName:Acetate CategoryPath:[] Description: ImageURLs:[https://jx-ebook.oss-cn-hongkong.aliyuncs.com/images/1731667273912985949_1_55010474.jpg] CreatedAt:2024-11-15 19:04:55 UpdatedAt:<nil>}
2024/11/15 19:04:55 响应已发送
2024/11/15 19:04:55 response: {82 ss363233366233 {{ true}}  {{female true}} 50 15 138 {{0 false}} 0  1 Optical {{3 true}} brand 3 5 Acetate []  [https://jx-ebook.oss-cn-hongkong.aliyuncs.com/images/1731667273912985949_1_55010474.jpg] 2024-11-15 19:04:55 <nil>}
2024/11/15 19:04:55 商品创建成功，响应已发送。商品ID: 82
2024/11/15 19:09:32 初始化数据库成功
2024/11/15 19:09:32 初始化 OSS 成功
2024/11/15 19:09:32 路由注册成功
2024/11/15 19:09:43 jwt里解析出来的用户id为3
2024/11/15 19:09:43 imageURLs: [https://jx-ebook.oss-cn-hongkong.aliyuncs.com/images/1731667273912985949_1_55010474.jpg]
2024/11/15 19:09:43 开始构建响应
2024/11/15 19:09:43 设置基本字段完成
2024/11/15 19:09:43 设置 Series 字段完成
2024/11/15 19:09:43 设置 Category 字段完成
2024/11/15 19:09:43 设置 Brand 字段完成
2024/11/15 19:09:43 设置 FrameMaterial 字段完成
2024/11/15 19:09:43 设置响应完成
2024/11/15 19:09:43 响应已发送
2024/11/15 19:10:52 可选jwt里解析出来的用户id为7
2024/11/16 09:19:17 初始化数据库成功
2024/11/16 09:19:17 初始化 OSS 成功
2024/11/16 09:19:17 路由注册成功
2024/11/16 09:28:09 可选jwt里解析出来的用户id为7
2024/11/16 09:28:31 可选jwt里解析出来的用户id为7
2024/11/16 13:35:58 初始化数据库成功
2024/11/16 13:35:58 初始化 OSS 成功
2024/11/16 13:35:58 路由注册成功
2024/11/16 13:36:05 可选jwt里解析出来的用户id为7
2024/11/16 13:39:43 可选jwt里解析出来的用户id为7
2024/11/16 16:04:34 初始化数据库成功
2024/11/16 16:04:34 初始化 OSS 成功
2024/11/16 16:04:34 路由注册成功
2024/11/16 16:34:30 初始化数据库成功
2024/11/16 16:34:30 初始化 OSS 成功
2024/11/16 16:34:30 路由注册成功
2024/11/16 16:40:11 初始化数据库成功
2024/11/16 16:40:11 初始化 OSS 成功
2024/11/16 16:40:11 路由注册成功
